DENOVOCASE	WTYP_AL42	WTYP_WTYP	WTYP_WTYP	AFR
DENOVOCASE	WTYP_AL42	WTYP_WTYP	WTYP_WTYP	EAS
591 children had two parents with genotypes: 589 had consistent inheritance and 2 had denovo mutation
AMR has 490 samples
AMR	AL37	24	706	0.0339943342776204
AMR	AL42	1	706	0.00141643059490085
AFR has 893 samples
AFR	AL37	282	1368	0.206140350877193
AFR	AL42	5	1368	0.00365497076023392
EUR has 633 samples
EUR	AL37	7	1050	0.00666666666666667
EUR	AL42	1	1050	0.000952380952380952
SAS has 601 samples
SAS	AL37	57	1024	0.0556640625
SAS	AL42	8	1024	0.0078125
EAS has 585 samples
EAS	AL37	20	994	0.0201207243460765
EAS	AL42	18	994	0.0181086519114688
Overall	AL37	390	5142	0.0758459743290548
Overall	AL42	33	5142	0.00641773628938156
